TN:
SF:/Users/mina.halim/Development/Personal/SDP/server.js
FNF:0
FNH:0
DA:4,1
DA:7,1
DA:8,1
DA:9,1
DA:10,1
DA:11,1
DA:12,1
DA:14,1
DA:17,1
DA:18,1
DA:19,1
DA:22,1
DA:24,1
LF:13
LH:13
BRF:0
BRH:0
end_of_record
TN:
SF:/Users/mina.halim/Development/Personal/SDP/errors/errorApp.js
FN:6,(anonymous_0)
FN:10,doesNotExist
FN:17,errorHandler
FNF:3
FNH:3
FNDA:1,(anonymous_0)
FNDA:1,doesNotExist
FNDA:1,errorHandler
DA:3,1
DA:6,1
DA:7,1
DA:11,1
DA:12,1
DA:13,1
DA:18,1
DA:26,1
DA:28,1
DA:29,0
DA:30,0
DA:31,1
DA:32,0
DA:33,0
DA:34,1
DA:35,1
DA:36,0
DA:37,0
DA:38,0
DA:39,0
DA:40,0
DA:41,0
DA:43,0
DA:46,1
DA:47,1
DA:48,0
DA:51,1
DA:52,1
DA:55,1
DA:56,1
DA:57,1
DA:58,1
DA:59,0
DA:60,0
DA:63,0
DA:64,0
DA:67,1
DA:69,0
DA:72,1
DA:73,0
DA:75,1
DA:78,1
DA:91,1
LF:43
LH:25
BRDA:28,0,0,0
BRDA:28,0,1,1
BRDA:28,1,0,1
BRDA:28,1,1,1
BRDA:31,2,0,0
BRDA:31,2,1,1
BRDA:31,3,0,1
BRDA:31,3,1,1
BRDA:34,4,0,1
BRDA:34,4,1,0
BRDA:36,5,0,0
BRDA:36,5,1,0
BRDA:36,6,0,0
BRDA:36,6,1,0
BRDA:39,7,0,0
BRDA:39,7,1,0
BRDA:39,8,0,0
BRDA:39,8,1,0
BRDA:39,8,2,0
BRDA:46,9,0,1
BRDA:46,9,1,0
BRDA:47,10,0,0
BRDA:47,10,1,1
BRDA:51,11,0,1
BRDA:51,11,1,0
BRDA:51,12,0,1
BRDA:51,12,1,1
BRDA:59,13,0,0
BRDA:59,13,1,0
BRDA:67,14,0,0
BRDA:67,14,1,1
BRDA:72,15,0,0
BRDA:72,15,1,1
BRF:33
BRH:14
end_of_record
TN:
SF:/Users/mina.halim/Development/Personal/SDP/errors/errorMessage.js
FN:17,(anonymous_0)
FN:18,(anonymous_1)
FNF:2
FNH:2
FNDA:2,(anonymous_0)
FNDA:6,(anonymous_1)
DA:3,1
DA:4,1
DA:17,1
DA:18,6
LF:4
LH:4
BRF:0
BRH:0
end_of_record
TN:
SF:/Users/mina.halim/Development/Personal/SDP/errors/errorRouter.js
FN:4,(anonymous_0)
FN:6,(anonymous_1)
FNF:2
FNH:1
FNDA:1,(anonymous_0)
FNDA:0,(anonymous_1)
DA:4,1
DA:6,1
DA:7,0
DA:8,0
DA:9,0
LF:5
LH:2
BRF:0
BRH:0
end_of_record
TN:
SF:/Users/mina.halim/Development/Personal/SDP/modules/dbModule.js
FN:3,(anonymous_0)
FN:11,connect
FN:15,(anonymous_2)
FN:23,buildSchema
FN:50,addEntry
FN:51,(anonymous_5)
FN:53,(anonymous_6)
FN:58,deleteEntry
FN:59,(anonymous_8)
FN:61,(anonymous_9)
FN:66,updateEntry
FN:67,(anonymous_11)
FN:69,(anonymous_12)
FN:74,readEntry
FN:75,(anonymous_14)
FN:77,(anonymous_15)
FNF:16
FNH:4
FNDA:1,(anonymous_0)
FNDA:1,connect
FNDA:1,(anonymous_2)
FNDA:1,buildSchema
FNDA:0,addEntry
FNDA:0,(anonymous_5)
FNDA:0,(anonymous_6)
FNDA:0,deleteEntry
FNDA:0,(anonymous_8)
FNDA:0,(anonymous_9)
FNDA:0,updateEntry
FNDA:0,(anonymous_11)
FNDA:0,(anonymous_12)
FNDA:0,readEntry
FNDA:0,(anonymous_14)
FNDA:0,(anonymous_15)
DA:3,1
DA:5,1
DA:6,1
DA:12,1
DA:13,1
DA:16,1
DA:17,1
DA:20,1
DA:24,1
DA:25,1
DA:31,1
DA:41,1
DA:42,1
DA:44,1
DA:51,0
DA:52,0
DA:54,0
DA:59,0
DA:60,0
DA:62,0
DA:67,0
DA:68,0
DA:70,0
DA:75,0
DA:76,0
DA:78,0
DA:82,1
LF:27
LH:15
BRDA:16,0,0,1
BRDA:16,0,1,0
BRF:2
BRH:1
end_of_record
TN:
SF:/Users/mina.halim/Development/Personal/SDP/modules/googleMapsModule.js
FN:3,(anonymous_0)
FN:9,getShortestDrivingPath
FN:10,(anonymous_2)
FN:19,(anonymous_3)
FN:29,calculateTotalDrivingPath
FN:37,(anonymous_5)
FN:40,(anonymous_6)
FN:43,(anonymous_7)
FN:48,(anonymous_8)
FN:56,(anonymous_9)
FN:61,(anonymous_10)
FNF:11
FNH:1
FNDA:1,(anonymous_0)
FNDA:0,getShortestDrivingPath
FNDA:0,(anonymous_2)
FNDA:0,(anonymous_3)
FNDA:0,calculateTotalDrivingPath
FNDA:0,(anonymous_5)
FNDA:0,(anonymous_6)
FNDA:0,(anonymous_7)
FNDA:0,(anonymous_8)
FNDA:0,(anonymous_9)
FNDA:0,(anonymous_10)
DA:3,1
DA:5,1
DA:6,1
DA:7,1
DA:10,0
DA:11,0
DA:15,0
DA:20,0
DA:21,0
DA:23,0
DA:30,0
DA:31,0
DA:32,0
DA:34,0
DA:36,0
DA:38,0
DA:41,0
DA:44,0
DA:48,0
DA:49,0
DA:53,0
DA:56,0
DA:57,0
DA:61,0
DA:62,0
DA:65,0
DA:73,1
LF:27
LH:5
BRDA:20,0,0,0
BRDA:20,0,1,0
BRDA:34,1,0,0
BRDA:34,1,1,0
BRF:4
BRH:0
end_of_record
TN:
SF:/Users/mina.halim/Development/Personal/SDP/routes/index.js
FN:7,healthCheck
FN:13,(anonymous_1)
FNF:2
FNH:1
FNDA:0,healthCheck
FNDA:1,(anonymous_1)
DA:3,1
DA:4,1
DA:5,1
DA:8,0
DA:13,1
DA:14,1
DA:15,1
DA:18,1
DA:20,1
DA:23,1
DA:24,1
LF:11
LH:10
BRF:0
BRH:0
end_of_record
TN:
SF:/Users/mina.halim/Development/Personal/SDP/routes/middleware.js
FN:5,setAgentOnReq
FNF:1
FNH:1
FNDA:1,setAgentOnReq
DA:3,1
DA:6,1
DA:7,1
DA:10,1
LF:4
LH:4
BRF:0
BRH:0
end_of_record
TN:
SF:/Users/mina.halim/Development/Personal/SDP/routes/v1.js
FN:3,(anonymous_0)
FN:27,(anonymous_1)
FN:38,(anonymous_2)
FN:65,(anonymous_3)
FN:72,(anonymous_4)
FN:78,(anonymous_5)
FN:89,(anonymous_6)
FN:108,(anonymous_7)
FN:113,(anonymous_8)
FN:127,(anonymous_9)
FN:134,(anonymous_10)
FN:139,(anonymous_11)
FN:152,(anonymous_12)
FNF:13
FNH:2
FNDA:1,(anonymous_0)
FNDA:1,(anonymous_1)
FNDA:0,(anonymous_2)
FNDA:0,(anonymous_3)
FNDA:0,(anonymous_4)
FNDA:0,(anonymous_5)
FNDA:0,(anonymous_6)
FNDA:0,(anonymous_7)
FNDA:0,(anonymous_8)
FNDA:0,(anonymous_9)
FNDA:0,(anonymous_10)
FNDA:0,(anonymous_11)
FNDA:0,(anonymous_12)
DA:3,1
DA:5,1
DA:6,1
DA:7,1
DA:8,1
DA:9,1
DA:10,1
DA:11,1
DA:12,1
DA:13,1
DA:19,1
DA:20,1
DA:21,1
DA:27,1
DA:28,1
DA:30,1
DA:31,1
DA:33,1
DA:35,1
DA:38,1
DA:39,0
DA:40,0
DA:46,0
DA:47,0
DA:50,0
DA:51,0
DA:54,0
DA:55,0
DA:58,0
DA:59,0
DA:60,0
DA:62,0
DA:66,0
DA:68,0
DA:73,0
DA:78,1
DA:83,0
DA:84,0
DA:87,0
DA:91,0
DA:92,0
DA:99,0
DA:101,0
DA:106,0
DA:110,0
DA:114,0
DA:115,0
DA:117,0
DA:119,0
DA:120,0
DA:123,0
DA:128,0
DA:132,0
DA:135,0
DA:139,1
DA:142,0
DA:149,0
DA:152,1
DA:155,0
DA:161,0
DA:164,1
LF:61
LH:24
BRDA:46,0,0,0
BRDA:46,0,1,0
BRDA:50,1,0,0
BRDA:50,1,1,0
BRDA:54,2,0,0
BRDA:54,2,1,0
BRDA:83,3,0,0
BRDA:83,3,1,0
BRDA:91,4,0,0
BRDA:91,4,1,0
BRDA:99,5,0,0
BRDA:99,5,1,0
BRDA:99,6,0,0
BRDA:99,6,1,0
BRDA:99,6,2,0
BRDA:101,7,0,0
BRDA:101,7,1,0
BRDA:115,8,0,0
BRDA:115,8,1,0
BRF:19
BRH:0
end_of_record
TN:
SF:/Users/mina.halim/Development/Personal/SDP/utils/check.js
FN:5,allPropertiesExist
FN:6,(anonymous_1)
FN:9,atLeastOnePropertyExists
FN:10,(anonymous_3)
FN:13,isNotEmptyObject
FNF:5
FNH:0
FNDA:0,allPropertiesExist
FNDA:0,(anonymous_1)
FNDA:0,atLeastOnePropertyExists
FNDA:0,(anonymous_3)
FNDA:0,isNotEmptyObject
DA:3,1
DA:6,0
DA:10,0
DA:14,0
DA:17,1
LF:5
LH:2
BRDA:14,0,0,0
BRDA:14,0,1,0
BRF:2
BRH:0
end_of_record
TN:
SF:/Users/mina.halim/Development/Personal/SDP/utils/logger.js
FN:10,checkDirectorySync
FN:18,getSystemTime
FN:23,(anonymous_2)
FNF:3
FNH:3
FNDA:3,checkDirectorySync
FNDA:3,getSystemTime
FNDA:3,(anonymous_2)
DA:3,1
DA:4,1
DA:5,1
DA:6,1
DA:8,1
DA:11,3
DA:12,3
DA:14,0
DA:19,3
DA:23,1
DA:24,3
DA:25,3
DA:26,3
DA:27,3
DA:30,3
DA:31,2
DA:34,1
DA:35,1
DA:36,1
DA:38,1
DA:76,1
DA:77,1
LF:22
LH:21
BRDA:30,0,0,2
BRDA:30,0,1,1
BRF:2
BRH:2
end_of_record
TN:
SF:/Users/mina.halim/Development/Personal/SDP/utils/promisedRequest.js
FN:5,base
FN:6,(anonymous_1)
FN:8,(anonymous_2)
FN:16,(anonymous_3)
FN:28,(anonymous_4)
FNF:5
FNH:5
FNDA:2,base
FNDA:1,(anonymous_1)
FNDA:1,(anonymous_2)
FNDA:1,(anonymous_3)
FNDA:1,(anonymous_4)
DA:3,1
DA:6,2
DA:7,1
DA:8,1
DA:9,1
DA:17,1
DA:18,0
DA:21,1
DA:28,1
DA:29,1
LF:10
LH:9
BRDA:7,0,0,1
BRDA:7,0,1,0
BRDA:15,1,0,1
BRDA:15,1,1,0
BRDA:17,2,0,0
BRDA:17,2,1,1
BRF:6
BRH:3
end_of_record
